#
# There is insufficient memory for the Java Runtime Environment to continue.
# Native memory allocation (mmap) failed to map 134217728 bytes for G1 virtual space
# Possible reasons:
#   The system is out of physical RAM or swap space
#   The process is running with CompressedOops enabled, and the Java Heap may be blocking the growth of the native heap
# Possible solutions:
#   Reduce memory load on the system
#   Increase physical memory or swap space
#   Check if swap backing store is full
#   Decrease Java heap size (-Xmx/-Xms)
#   Decrease number of Java threads
#   Decrease Java thread stack sizes (-Xss)
#   Set larger code cache with -XX:ReservedCodeCacheSize=
#   JVM is running with Unscaled Compressed Oops mode in which the Java heap is
#     placed in the first 4GB address space. The Java Heap base address is the
#     maximum limit for the native heap growth. Please use -XX:HeapBaseMinAddress
#     to set the Java Heap base and to place the Java Heap above 4GB virtual address.
# This output file may be truncated or incomplete.
#
#  Out of Memory Error (os_windows.cpp:3600), pid=14732, tid=17116
#
# JRE version:  (21.0.1+12) (build )
# Java VM: Java HotSpot(TM) 64-Bit Server VM (21.0.1+12-LTS-29, mixed mode, sharing, tiered, compressed oops, compressed class ptrs, g1 gc, windows-amd64)
# No core dump will be written. Minidumps are not enabled by default on client versions of Windows
#

---------------  S U M M A R Y ------------

Command Line: -Dnet.bytebuddy.agent.attacher.dump= net.bytebuddy.agent.Attacher com.sun.tools.attach.VirtualMachine 21948 C:\Users\Montasser Brahem\.m2\repository\net\bytebuddy\byte-buddy-agent\1.14.11\byte-buddy-agent-1.14.11.jar false 

Host: Intel(R) Core(TM) i3-8145U CPU @ 2.10GHz, 4 cores, 7G,  Windows 11 , 64 bit Build 22621 (10.0.22621.3958)
Time: Mon Oct  7 18:42:39 2024 W. Central Africa Standard Time elapsed time: 0.044137 seconds (0d 0h 0m 0s)

---------------  T H R E A D  ---------------

Current thread (0x0000024361b91e20):  JavaThread "Unknown thread" [_thread_in_vm, id=17116, stack(0x0000004480300000,0x0000004480400000) (1024K)]

Stack: [0x0000004480300000,0x0000004480400000]
Native frames: (J=compiled Java code, j=interpreted, Vv=VM code, C=native code)
V  [jvm.dll+0x6c9029]
V  [jvm.dll+0x854b81]
V  [jvm.dll+0x856e5e]
V  [jvm.dll+0x857543]
V  [jvm.dll+0x280c06]
V  [jvm.dll+0x6c5715]
V  [jvm.dll+0x6ba10a]
V  [jvm.dll+0x3557ea]
V  [jvm.dll+0x35d436]
V  [jvm.dll+0x3ae1be]
V  [jvm.dll+0x3ae468]
V  [jvm.dll+0x3291fc]
V  [jvm.dll+0x329d8b]
V  [jvm.dll+0x81d179]
V  [jvm.dll+0x3bb4f1]
V  [jvm.dll+0x805ae8]
V  [jvm.dll+0x44effe]
V  [jvm.dll+0x450901]
C  [jli.dll+0x52a3]
C  [ucrtbase.dll+0x29333]
C  [KERNEL32.DLL+0x1257d]
C  [ntdll.dll+0x5af28]


---------------  P R O C E S S  ---------------

Threads class SMR info:
_java_thread_list=0x00007ff976e69b88, length=0, elements={
}

Java Threads: ( => current thread )
Total: 0

Other Threads:
  0x0000024363dcf0c0 WorkerThread "GC Thread#0"                     [id=14160, stack(0x0000004480400000,0x0000004480500000) (1024K)]
  0x0000024363ddfce0 ConcurrentGCThread "G1 Main Marker"            [id=24676, stack(0x0000004480500000,0x0000004480600000) (1024K)]
  0x0000024363de2db0 WorkerThread "G1 Conc#0"                       [id=20524, stack(0x0000004480600000,0x0000004480700000) (1024K)]

[error occurred during error reporting (printing all threads), id 0xc0000005, EXCEPTION_ACCESS_VIOLATION (0xc0000005) at pc=0x00007ff9765dc2c7]
VM state: not at safepoint (not fully initialized)

VM Mutex/Monitor currently owned by a thread:  ([mutex/lock_event])
[0x00007ff976eda6f8] Heap_lock - owner thread: 0x0000024361b91e20

Heap address: 0x0000000081e00000, size: 2018 MB, Compressed Oops mode: 32-bit

CDS archive(s) mapped at: [0x0000000000000000-0x0000000000000000-0x0000000000000000), size 0, SharedBaseAddress: 0x0000000800000000, ArchiveRelocationMode: 1.
Narrow klass base: 0x0000000000000000, Narrow klass shift: 0, Narrow klass range: 0x0

GC Precious Log:
 CardTable entry size: 512
 Card Set container configuration: InlinePtr #cards 5 size 8 Array Of Cards #cards 12 size 40 Howl #buckets 4 coarsen threshold 1843 Howl Bitmap #cards 512 size 80 coarsen threshold 460 Card regions per heap region 1 cards per card region 2048

Heap:
 garbage-first heap   total 0K, used 0K [0x0000000081e00000, 0x0000000100000000)
  region size 1024K, 0 young (0K), 0 survivors (0K)

[error occurred during error reporting (printing heap information), id 0xc0000005, EXCEPTION_ACCESS_VIOLATION (0xc0000005) at pc=0x00007ff9769c1be9]
GC Heap History (0 events):
No events

Dll operation events (1 events):
Event: 0.025 Loaded shared library C:\Program Files\Java\jdk-21\bin\java.dll

Deoptimization events (0 events):
No events

Classes loaded (0 events):
No events

Classes unloaded (0 events):
No events

Classes redefined (0 events):
No events

Internal exceptions (0 events):
No events

ZGC Phase Switch (0 events):
No events

VM Operations (0 events):
No events

Events (0 events):
No events


Dynamic libraries:
0x00007ff6806c0000 - 0x00007ff6806d0000 	C:\Program Files\Java\jdk-21\bin\java.exe
0x00007ff9bdf70000 - 0x00007ff9be187000 	C:\WINDOWS\SYSTEM32\ntdll.dll
0x00007ff9bc220000 - 0x00007ff9bc2e4000 	C:\WINDOWS\System32\KERNEL32.DLL
0x00007ff9bb290000 - 0x00007ff9bb63d000 	C:\WINDOWS\System32\KERNELBASE.dll
0x00007ff9bb7d0000 - 0x00007ff9bb8e1000 	C:\WINDOWS\System32\ucrtbase.dll
0x00007ff9b0b40000 - 0x00007ff9b0b5b000 	C:\Program Files\Java\jdk-21\bin\VCRUNTIME140.dll
0x00007ff9b1b30000 - 0x00007ff9b1b49000 	C:\Program Files\Java\jdk-21\bin\jli.dll
0x00007ff9bcca0000 - 0x00007ff9bcd52000 	C:\WINDOWS\System32\ADVAPI32.dll
0x00007ff9bbca0000 - 0x00007ff9bbd47000 	C:\WINDOWS\System32\msvcrt.dll
0x00007ff9bbda0000 - 0x00007ff9bbe49000 	C:\WINDOWS\System32\sechost.dll
0x00007ff9bb700000 - 0x00007ff9bb728000 	C:\WINDOWS\System32\bcrypt.dll
0x00007ff9bc890000 - 0x00007ff9bc9a4000 	C:\WINDOWS\System32\RPCRT4.dll
0x00007ff9bbe50000 - 0x00007ff9bbffe000 	C:\WINDOWS\System32\USER32.dll
0x00007ff9bb730000 - 0x00007ff9bb756000 	C:\WINDOWS\System32\win32u.dll
0x00007ff9bc4c0000 - 0x00007ff9bc4e9000 	C:\WINDOWS\System32\GDI32.dll
0x00007ff9bba10000 - 0x00007ff9bbb29000 	C:\WINDOWS\System32\gdi32full.dll
0x00007ff9bb970000 - 0x00007ff9bba0a000 	C:\WINDOWS\System32\msvcp_win.dll
0x00007ff99a810000 - 0x00007ff99aaa3000 	C:\WINDOWS\WinSxS\amd64_microsoft.windows.common-controls_6595b64144ccf1df_6.0.22621.3672_none_2713b9d173822955\COMCTL32.dll
0x00007ff9b1940000 - 0x00007ff9b194a000 	C:\WINDOWS\SYSTEM32\VERSION.dll
0x00007ff9bc400000 - 0x00007ff9bc431000 	C:\WINDOWS\System32\IMM32.DLL
0x00007ff9b77e0000 - 0x00007ff9b77ec000 	C:\Program Files\Java\jdk-21\bin\vcruntime140_1.dll
0x00007ff9840f0000 - 0x00007ff98417e000 	C:\Program Files\Java\jdk-21\bin\msvcp140.dll
0x00007ff9762a0000 - 0x00007ff976fb5000 	C:\Program Files\Java\jdk-21\bin\server\jvm.dll
0x00007ff9bd540000 - 0x00007ff9bd5b1000 	C:\WINDOWS\System32\WS2_32.dll
0x00007ff9bb170000 - 0x00007ff9bb1bd000 	C:\WINDOWS\SYSTEM32\POWRPROF.dll
0x00007ff9b8e10000 - 0x00007ff9b8e44000 	C:\WINDOWS\SYSTEM32\WINMM.dll
0x00007ff9bb140000 - 0x00007ff9bb153000 	C:\WINDOWS\SYSTEM32\UMPDC.dll
0x00007ff9ba2a0000 - 0x00007ff9ba2b8000 	C:\WINDOWS\SYSTEM32\kernel.appcore.dll
0x00007ff9b1ae0000 - 0x00007ff9b1aea000 	C:\Program Files\Java\jdk-21\bin\jimage.dll
0x00007ff9b8bd0000 - 0x00007ff9b8e02000 	C:\WINDOWS\SYSTEM32\DBGHELP.DLL
0x00007ff9bc500000 - 0x00007ff9bc88e000 	C:\WINDOWS\System32\combase.dll
0x00007ff9bc9b0000 - 0x00007ff9bca87000 	C:\WINDOWS\System32\OLEAUT32.dll
0x00007ff9b8b90000 - 0x00007ff9b8bc2000 	C:\WINDOWS\SYSTEM32\dbgcore.DLL
0x00007ff9bb8f0000 - 0x00007ff9bb96b000 	C:\WINDOWS\System32\bcryptPrimitives.dll
0x00007ff9a5ac0000 - 0x00007ff9a5adf000 	C:\Program Files\Java\jdk-21\bin\java.dll

dbghelp: loaded successfully - version: 4.0.5 - missing functions: none
symbol engine: initialized successfully - sym options: 0x614 - pdb path: .;C:\Program Files\Java\jdk-21\bin;C:\WINDOWS\SYSTEM32;C:\WINDOWS\WinSxS\amd64_microsoft.windows.common-controls_6595b64144ccf1df_6.0.22621.3672_none_2713b9d173822955;C:\Program Files\Java\jdk-21\bin\server

VM Arguments:
jvm_args: -Dnet.bytebuddy.agent.attacher.dump= 
java_command: net.bytebuddy.agent.Attacher com.sun.tools.attach.VirtualMachine 21948 C:\Users\Montasser Brahem\.m2\repository\net\bytebuddy\byte-buddy-agent\1.14.11\byte-buddy-agent-1.14.11.jar false 
java_class_path (initial): C:\Users\Montasser Brahem\.m2\repository\net\bytebuddy\byte-buddy-agent\1.14.11\byte-buddy-agent-1.14.11.jar
Launcher Type: SUN_STANDARD

[Global flags]
     intx CICompilerCount                          = 3                                         {product} {ergonomic}
     uint ConcGCThreads                            = 1                                         {product} {ergonomic}
     uint G1ConcRefinementThreads                  = 4                                         {product} {ergonomic}
   size_t G1HeapRegionSize                         = 1048576                                   {product} {ergonomic}
    uintx GCDrainStackTargetSize                   = 64                                        {product} {ergonomic}
   size_t InitialHeapSize                          = 134217728                                 {product} {ergonomic}
   size_t MarkStackSize                            = 4194304                                   {product} {ergonomic}
   size_t MaxHeapSize                              = 2116026368                                {product} {ergonomic}
   size_t MinHeapDeltaBytes                        = 1048576                                   {product} {ergonomic}
   size_t MinHeapSize                              = 8388608                                   {product} {ergonomic}
    uintx NonNMethodCodeHeapSize                   = 5832780                                {pd product} {ergonomic}
    uintx NonProfiledCodeHeapSize                  = 122912730                              {pd product} {ergonomic}
    uintx ProfiledCodeHeapSize                     = 122912730                              {pd product} {ergonomic}
    uintx ReservedCodeCacheSize                    = 251658240                              {pd product} {ergonomic}
     bool SegmentedCodeCache                       = true                                      {product} {ergonomic}
   size_t SoftMaxHeapSize                          = 2116026368                             {manageable} {ergonomic}
     bool UseCompressedOops                        = true                           {product lp64_product} {ergonomic}
     bool UseG1GC                                  = true                                      {product} {ergonomic}
     bool UseLargePagesIndividualAllocation        = false                                  {pd product} {ergonomic}

Logging:
Log output configuration:
 #0: stdout all=warning uptime,level,tags foldmultilines=false
 #1: stderr all=off uptime,level,tags foldmultilines=false

Environment Variables:
JAVA_HOME=C:\Program Files\Java\jdk-21
PATH=C:\Program Files\Common Files\Oracle\Java\javapath;C:\Python311\Scripts\;C:\Python311\;C:\xampp\php\windowsXamppPhp;C:\Users\Montasser Brahem\AppData\Roaming\Python\Python311\site-packages\pip;C:\Program Files\Git\cmd;C:\xampp2\php;C:\ProgramData\ComposerSetup\bin;C:\Program Files\dotnet\;C:\Program Files\Docker\Docker\resources\bin;C:\spring-3.3.1\bin;;C:\Program File\apache-maven-3.9.9-bin\bin;C:\Users\Montasser Brahem\AppData\Local\Microsoft\WindowsApps;C:\Users\Montasser Brahem\AppData\Local\Programs\Microsoft VS Code\bin;C:\MinGW\bin;C:\Users\Montasser Brahem\OneDrive\Bureau\IntelliJ IDEA Community Edition 2022.1\bin;;C:\src\flutter\bin;C:\Users\Montasser Brahem\AppData\Local\Android\Sdk\platforms;C:\xampp\php;C:\Users\Montasser Brahem\AppData\Local\ComposerSetup\bin;C:\Users\Montasser Brahem\OneDrive\Bureau\New folder\miktex\bin\x64\;C:\Users\Montasser Brahem\.dotnet\tools;C:\nvm;C:\Program Files\nodejs;C:\Users\Montasser Brahem\AppData\Roaming\Composer\vendor\bin;C:\Program Files\Java\jdk-21\bin;C:\spark\spark\bin;C:\spark\hadoop\bin;C:\Program Files\Java\jdk-17_windows-x64_bin\jdk-17.0.9\bin;C:\Program Files\Java\jdk-21\BIN;C:\Maven\bin;C:\Program Files\nvm;
USERNAME=Montasser Brahem
LANG=en_US.UTF-8
OS=Windows_NT
PROCESSOR_IDENTIFIER=Intel64 Family 6 Model 142 Stepping 11, GenuineIntel
TMP=C:\Users\Montasser Brahem\AppData\Local\Temp
TEMP=C:\Users\Montasser Brahem\AppData\Local\Temp




Periodic native trim disabled

---------------  S Y S T E M  ---------------

OS:
 Windows 11 , 64 bit Build 22621 (10.0.22621.3958)
OS uptime: 0 days 21:58 hours
Hyper-V role detected

CPU: total 4 (initial active 4) (2 cores per cpu, 2 threads per core) family 6 model 142 stepping 11 microcode 0xde, cx8, cmov, fxsr, ht, mmx, 3dnowpref, sse, sse2, sse3, ssse3, sse4.1, sse4.2, popcnt, lzcnt, tsc, tscinvbit, avx, avx2, aes, erms, clmul, bmi1, bmi2, adx, fma, vzeroupper, clflush, clflushopt, hv, rdtscp, f16c
Processor Information for all 4 processors :
  Max Mhz: 2304, Current Mhz: 2103, Mhz Limit: 2096

Memory: 4k page, system-wide physical 8066M (752M free)
TotalPageFile size 20126M (AvailPageFile size 81M)
current process WorkingSet (physical memory assigned to process): 11M, peak: 11M
current process commit charge ("private bytes"): 52M, peak: 180M

vm_info: Java HotSpot(TM) 64-Bit Server VM (21.0.1+12-LTS-29) for windows-amd64 JRE (21.0.1+12-LTS-29), built on 2023-10-05T13:27:09Z by "mach5one" with MS VC++ 17.1 (VS2022)

END.
